Build started 9/17/2015 12:27:04 AM.
     1>Project "C:\Users\geforce\Documents\GitHub\Project2\Project2\Project2\Project2.vcxproj" on node 2 (Build target(s)).
     1>ClCompile:
         C:\Program Files (x86)\Microsoft Visual Studio 12.0\VC\bin\CL.exe /c /I..\Dependencies\Windows\x86\pango\include /I..\Dependencies\Windows\x86\openssl\include /I..\Dependencies\Windows\x86\glm\include /I"..\Dependencies\Windows\x86\glib-2.34\include" /I..\Dependencies\Windows\x86\cairo\include\cairo /I..\Dependencies\Windows\x86\SOIL\include /I..\Dependencies\Windows\x86\GFLW\include /I..\Dependencies\Windows\x86\glew\include /Zi /nologo /W3 /WX- /sdl /O2 /Oi /Oy- /GL /D _MBCS /Gm- /EHsc /MD /GS /Gy /fp:precise /Zc:wchar_t /Zc:forScope /Fo"Release\\" /Fd"Release\vc120.pdb" /Gd /TP /analyze- /errorReport:prompt main.cpp
         main.cpp
     1>c:\users\geforce\documents\github\project2\project2\project2\GUI/TextRenderer.h(53): warning C4244: 'argument' : conversion from 'float' to 'int', possible loss of data
     1>c:\users\geforce\documents\github\project2\project2\project2\GUI/TextRenderer.h(115): warning C4244: 'initializing' : conversion from 'int' to 'float', possible loss of data
     1>c:\users\geforce\documents\github\project2\project2\project2\GUI/TextRenderer.h(116): warning C4244: 'initializing' : conversion from 'int' to 'float', possible loss of data
     1>c:\users\geforce\documents\github\project2\project2\project2\GUI/TextRenderer.h(207): warning C4244: '=' : conversion from 'float' to 'int', possible loss of data
     1>c:\users\geforce\documents\github\project2\project2\project2\Entity.h(216): warning C4244: 'return' : conversion from 'float' to 'int', possible loss of data
     1>c:\users\geforce\documents\github\project2\project2\project2\Entity.h(219): warning C4244: '=' : conversion from 'int' to 'float', possible loss of data
     1>c:\users\geforce\documents\github\project2\project2\project2\gui\GUIButton.h(27): warning C4244: 'initializing' : conversion from 'float' to 'int', possible loss of data
     1>c:\users\geforce\documents\github\project2\project2\project2\gui\GUIButton.h(28): warning C4244: 'initializing' : conversion from 'float' to 'int', possible loss of data
     1>c:\users\geforce\documents\github\project2\project2\project2\gui\GUIButton.h(29): warning C4244: 'argument' : conversion from 'int' to 'float', possible loss of data
     1>c:\users\geforce\documents\github\project2\project2\project2\gui\GUIButton.h(30): warning C4244: 'argument' : conversion from 'int' to 'float', possible loss of data
     1>c:\users\geforce\documents\github\project2\project2\project2\gui\GUIButton.h(68): warning C4244: 'initializing' : conversion from 'float' to 'int', possible loss of data
     1>c:\users\geforce\documents\github\project2\project2\project2\gui\GUIButton.h(69): warning C4244: 'initializing' : conversion from 'float' to 'int', possible loss of data
     1>c:\users\geforce\documents\github\project2\project2\project2\gui\GUIButton.h(70): warning C4244: 'argument' : conversion from 'int' to 'float', possible loss of data
     1>c:\users\geforce\documents\github\project2\project2\project2\gui\GUIButton.h(71): warning C4244: 'argument' : conversion from 'int' to 'float', possible loss of data
     1>c:\users\geforce\documents\github\project2\project2\project2\gui\GUIWindow.h(27): warning C4018: '<' : signed/unsigned mismatch
     1>c:\users\geforce\documents\github\project2\project2\project2\gui\GUIWindow.h(95): warning C4018: '<' : signed/unsigned mismatch
     1>c:\users\geforce\documents\github\project2\project2\project2\gui\GUIWindow.h(104): warning C4018: '<' : signed/unsigned mismatch
     1>c:\users\geforce\documents\github\project2\project2\project2\gui\GUIWindow.h(105): warning C4244: 'argument' : conversion from 'double' to 'float', possible loss of data
     1>c:\users\geforce\documents\github\project2\project2\project2\gui\GUIWindow.h(118): warning C4018: '<' : signed/unsigned mismatch
     1>c:\users\geforce\documents\github\project2\project2\project2\gui\GUITextField.h(35): warning C4244: 'initializing' : conversion from 'float' to 'int', possible loss of data
     1>c:\users\geforce\documents\github\project2\project2\project2\gui\GUITextField.h(36): warning C4244: 'initializing' : conversion from 'float' to 'int', possible loss of data
     1>c:\users\geforce\documents\github\project2\project2\project2\gui\GUITextField.h(37): warning C4244: 'argument' : conversion from 'int' to 'float', possible loss of data
     1>c:\users\geforce\documents\github\project2\project2\project2\gui\GUITextField.h(38): warning C4244: 'argument' : conversion from 'int' to 'float', possible loss of data
     1>c:\users\geforce\documents\github\project2\project2\project2\gui\GUITextField.h(46): warning C4018: '<' : signed/unsigned mismatch
     1>c:\users\geforce\documents\github\project2\project2\project2\gui\GUITextField.h(47): warning C4018: '<' : signed/unsigned mismatch
     1>c:\users\geforce\documents\github\project2\project2\project2\gui\GUITextField.h(52): warning C4018: '<' : signed/unsigned mismatch
     1>c:\users\geforce\documents\github\project2\project2\project2\gui\GUITextField.h(59): warning C4018: '<' : signed/unsigned mismatch
     1>c:\users\geforce\documents\github\project2\project2\project2\gui\GUITextField.h(101): warning C4018: '>=' : signed/unsigned mismatch
     1>c:\users\geforce\documents\github\project2\project2\project2\gui\GUIMessagebox.h(28): warning C4244: 'argument' : conversion from 'int' to 'float', possible loss of data
     1>c:\users\geforce\documents\github\project2\project2\project2\gui\GUIMessagebox.h(29): warning C4244: 'argument' : conversion from 'int' to 'float', possible loss of data
     1>c:\users\geforce\documents\github\project2\project2\project2\gui\GUIMessagebox.h(30): warning C4244: 'argument' : conversion from 'int' to 'float', possible loss of data
     1>c:\users\geforce\documents\github\project2\project2\project2\gui\GUIMessagebox.h(31): warning C4244: 'argument' : conversion from 'int' to 'float', possible loss of data
     1>c:\users\geforce\documents\github\project2\project2\project2\gui\GUIMessagebox.h(32): warning C4244: 'argument' : conversion from 'int' to 'float', possible loss of data
     1>c:\users\geforce\documents\github\project2\project2\project2\gui\GUIMessagebox.h(48): warning C4244: 'argument' : conversion from 'int' to 'float', possible loss of data
     1>c:\users\geforce\documents\github\project2\project2\project2\gui\GUIMessagebox.h(60): warning C4244: 'argument' : conversion from 'double' to 'float', possible loss of data
     1>C:\Program Files (x86)\Windows Kits\8.1\Include\shared\minwindef.h(130): warning C4005: 'APIENTRY' : macro redefinition
                 C:\Users\geforce\Documents\GitHub\Project2\Project2\Dependencies\Windows\x86\GFLW\include\GLFW/glfw3.h(85) : see previous definition of 'APIENTRY'
     1>c:\users\geforce\documents\github\project2\project2\project2\network\Dictionary.h(18): warning C4018: '<' : signed/unsigned mismatch
     1>c:\users\geforce\documents\github\project2\project2\project2\network\Dictionary.h(30): warning C4018: '<' : signed/unsigned mismatch
     1>c:\users\geforce\documents\github\project2\project2\project2\network\Dictionary.h(46): warning C4018: '<' : signed/unsigned mismatch
     1>c:\users\geforce\documents\github\project2\project2\project2\network\Dictionary.h(55): warning C4018: '<' : signed/unsigned mismatch
     1>c:\users\geforce\documents\github\project2\project2\project2\network\Dictionary.h(74): warning C4018: '<' : signed/unsigned mismatch
     1>c:\users\geforce\documents\github\project2\project2\project2\network\Dictionary.h(88): warning C4018: '<' : signed/unsigned mismatch
     1>c:\users\geforce\documents\github\project2\project2\project2\network\JSONParser.h(18): warning C4018: '<' : signed/unsigned mismatch
     1>c:\users\geforce\documents\github\project2\project2\project2\network\JSONParser.h(24): warning C4018: '<' : signed/unsigned mismatch
     1>c:\users\geforce\documents\github\project2\project2\project2\network\JSONParser.h(26): warning C4018: '<' : signed/unsigned mismatch
     1>c:\users\geforce\documents\github\project2\project2\project2\network\JSONParser.h(33): warning C4018: '<' : signed/unsigned mismatch
     1>c:\users\geforce\documents\github\project2\project2\project2\network\JSONParser.h(53): warning C4018: '<' : signed/unsigned mismatch
     1>c:\users\geforce\documents\github\project2\project2\project2\network\JSONParser.h(59): warning C4018: '<' : signed/unsigned mismatch
     1>c:\users\geforce\documents\github\project2\project2\project2\network\JSONParser.h(61): warning C4018: '<' : signed/unsigned mismatch
     1>c:\users\geforce\documents\github\project2\project2\project2\network\JSONParser.h(68): warning C4018: '<' : signed/unsigned mismatch
     1>c:\users\geforce\documents\github\project2\project2\project2\network\JSONParser.h(97): warning C4018: '<' : signed/unsigned mismatch
     1>c:\users\geforce\documents\github\project2\project2\project2\gui\GUI.h(165): warning C4018: '<' : signed/unsigned mismatch
     1>c:\users\geforce\documents\github\project2\project2\project2\gui\GUI.h(203): warning C4018: '<' : signed/unsigned mismatch
     1>c:\users\geforce\documents\github\project2\project2\project2\gui\GUI.h(216): warning C4244: 'argument' : conversion from 'double' to 'float', possible loss of data
     1>c:\users\geforce\documents\github\project2\project2\project2\gui\GUI.h(221): warning C4244: 'argument' : conversion from 'double' to 'float', possible loss of data
     1>c:\users\geforce\documents\github\project2\project2\project2\gui\GUI.h(226): warning C4244: 'argument' : conversion from 'double' to 'float', possible loss of data
     1>c:\users\geforce\documents\github\project2\project2\project2\gui\GUI.h(278): warning C4018: '<=' : signed/unsigned mismatch
     1>c:\users\geforce\documents\github\project2\project2\project2\Projectile.h(57): warning C4244: 'argument' : conversion from 'float' to 'int', possible loss of data
     1>c:\users\geforce\documents\github\project2\project2\project2\Engine.h(182): warning C4018: '<' : signed/unsigned mismatch
     1>c:\users\geforce\documents\github\project2\project2\project2\Engine.h(186): warning C4244: 'argument' : conversion from 'int' to 'float', possible loss of data
     1>c:\users\geforce\documents\github\project2\project2\project2\Engine.h(187): warning C4244: 'argument' : conversion from 'int' to 'float', possible loss of data
     1>c:\users\geforce\documents\github\project2\project2\project2\Engine.h(209): warning C4244: 'argument' : conversion from 'double' to 'unsigned long', possible loss of data
     1>c:\users\geforce\documents\github\project2\project2\project2\Engine.h(235): warning C4018: '<' : signed/unsigned mismatch
     1>c:\users\geforce\documents\github\project2\project2\project2\Engine.h(242): warning C4018: '<' : signed/unsigned mismatch
     1>c:\users\geforce\documents\github\project2\project2\project2\Engine.h(369): warning C4018: '<' : signed/unsigned mismatch
     1>c:\users\geforce\documents\github\project2\project2\project2\Engine.h(376): warning C4018: '<' : signed/unsigned mismatch
     1>c:\users\geforce\documents\github\project2\project2\project2\Engine.h(383): warning C4018: '<' : signed/unsigned mismatch
     1>c:\users\geforce\documents\github\project2\project2\project2\Engine.h(460): warning C4018: '<' : signed/unsigned mismatch
     1>c:\users\geforce\documents\github\project2\project2\project2\Engine.h(472): warning C4018: '<=' : signed/unsigned mismatch
     1>c:\users\geforce\documents\github\project2\project2\project2\Engine.h(482): warning C4244: 'argument' : conversion from 'double' to 'float', possible loss of data
     1>c:\users\geforce\documents\github\project2\project2\project2\Engine.h(483): warning C4244: 'argument' : conversion from 'double' to 'float', possible loss of data
     1>c:\users\geforce\documents\github\project2\project2\project2\Engine.h(491): warning C4018: '<' : signed/unsigned mismatch
     1>c:\users\geforce\documents\github\project2\project2\project2\Engine.h(493): warning C4018: '<' : signed/unsigned mismatch
     1>c:\users\geforce\documents\github\project2\project2\project2\Engine.h(497): warning C4244: 'argument' : conversion from 'double' to 'float', possible loss of data
     1>c:\users\geforce\documents\github\project2\project2\project2\Engine.h(498): warning C4244: 'argument' : conversion from 'double' to 'float', possible loss of data
     1>c:\users\geforce\documents\github\project2\project2\project2\Engine.h(519): warning C4244: 'initializing' : conversion from 'double' to 'float', possible loss of data
     1>c:\users\geforce\documents\github\project2\project2\project2\Engine.h(520): warning C4244: 'initializing' : conversion from 'double' to 'float', possible loss of data
     1>c:\users\geforce\documents\github\project2\project2\project2\Engine.h(546): warning C4018: '<' : signed/unsigned mismatch
     1>c:\users\geforce\documents\github\project2\project2\project2\Engine.h(547): warning C4244: 'initializing' : conversion from 'double' to 'float', possible loss of data
     1>c:\users\geforce\documents\github\project2\project2\project2\Engine.h(548): warning C4244: 'initializing' : conversion from 'double' to 'float', possible loss of data
     1>c:\users\geforce\documents\github\project2\project2\project2\Engine.h(565): warning C4018: '<' : signed/unsigned mismatch
     1>c:\users\geforce\documents\github\project2\project2\project2\Engine.h(566): warning C4244: 'initializing' : conversion from 'int' to 'float', possible loss of data
     1>c:\users\geforce\documents\github\project2\project2\project2\Engine.h(571): warning C4244: 'argument' : conversion from 'float' to 'int', possible loss of data
       Link:
         C:\Program Files (x86)\Microsoft Visual Studio 12.0\VC\bin\link.exe /ERRORREPORT:PROMPT /OUT:"C:\Users\geforce\Documents\GitHub\Project2\Project2\Release\Project2.exe" /NOLOGO /LIBPATH:..\Dependencies\Windows\x86\SOIL\lib /LIBPATH:..\Dependencies\Windows\x86\pango\lib /LIBPATH:..\Dependencies\Windows\x86\openssl\lib /LIBPATH:..\Dependencies\Windows\x86\gtk+\lib /LIBPATH:"..\Dependencies\Windows\x86\glib-2.34\lib" /LIBPATH:..\Dependencies\Windows\x86\glew\lib\Release\Win32 /LIBPATH:..\Dependencies\Windows\x86\GFLW\lib /LIBPATH:..\Dependencies\Windows\x86\cairo\lib kernel32.lib user32.lib gdi32.lib winspool.lib comdlg32.lib advapi32.lib shell32.lib ole32.lib oleaut32.lib uuid.lib odbc32.lib odbccp32.lib /MANIFEST /MANIFESTUAC:"level='asInvoker' uiAccess='false'" /manifest:embed /DEBUG /PDB:"C:\Users\geforce\Documents\GitHub\Project2\Project2\Release\Project2.pdb" /SUBSYSTEM:WINDOWS /OPT:REF /OPT:ICF /LTCG /TLBID:1 /DYNAMICBASE /NXCOMPAT /IMPLIB:"C:\Users\geforce\Documents\GitHub\Project2\Project2\Release\Project2.lib" /MACHINE:X86 /SAFESEH Release\main.obj
     1>SOIL.lib(SOIL.obj) : warning LNK4075: ignoring '/EDITANDCONTINUE' due to '/OPT:ICF' specification
     1>LINK : warning LNK4098: defaultlib 'MSVCRTD' conflicts with use of other libs; use /NODEFAULTLIB:library
         Generating code
         Finished generating code
         Project2.vcxproj -> C:\Users\geforce\Documents\GitHub\Project2\Project2\Release\Project2.exe
     1>Done Building Project "C:\Users\geforce\Documents\GitHub\Project2\Project2\Project2\Project2.vcxproj" (Build target(s)).

Build succeeded.

Time Elapsed 00:00:04.50
