Build started 10/13/2015 12:54:02 PM.
     1>Project "C:\Users\geforce\Documents\GitHub\Project2\Project2\Project2\Project2.vcxproj" on node 2 (Build target(s)).
     1>ClCompile:
         C:\Program Files (x86)\Microsoft Visual Studio 12.0\VC\bin\CL.exe /c /IC:\Users\geforce\Desktop\Project2\Project2\Dependencies\Windows\x86\glew\include /I..\Dependencies\Windows\x86\LUA\src /I..\Dependencies\Windows\x86\openssl\include /I..\Dependencies\Windows\x86\cairo\include\cairo /I"..\Dependencies\Windows\x86\glib-2.34\lib\glib-2.0\include" /I"..\Dependencies\Windows\x86\glib-2.34\include" /I..\Dependencies\Windows\x86\pango\include /I..\Dependencies\Windows\x86\SOIL\include /I..\Dependencies\Windows\x86\glm\include /I..\Dependencies\Windows\x86\GFLW\include /I..\Dependencies\Windows\x86\glew\include /ZI /nologo /W3 /WX- /sdl /Od /Oy- /D _MBCS /D _MBCS /Gm /EHsc /RTC1 /MDd /GS /fp:precise /Zc:wchar_t /Zc:forScope /Fo"Debug\\" /Fd"Debug\vc120.pdb" /Gd /TP /analyze- /errorReport:prompt main.cpp
         main.cpp
     1>c:\users\geforce\documents\github\project2\project2\project2\gui\textrenderer.h(53): warning C4244: 'argument' : conversion from 'float' to 'int', possible loss of data
     1>c:\users\geforce\documents\github\project2\project2\project2\gui\textrenderer.h(115): warning C4244: 'initializing' : conversion from 'int' to 'float', possible loss of data
     1>c:\users\geforce\documents\github\project2\project2\project2\gui\textrenderer.h(116): warning C4244: 'initializing' : conversion from 'int' to 'float', possible loss of data
     1>c:\users\geforce\documents\github\project2\project2\project2\gui\textrenderer.h(207): warning C4244: '=' : conversion from 'float' to 'int', possible loss of data
     1>c:\users\geforce\documents\github\project2\project2\project2\entity.h(259): warning C4244: 'return' : conversion from 'float' to 'int', possible loss of data
     1>c:\users\geforce\documents\github\project2\project2\project2\entity.h(262): warning C4244: '=' : conversion from 'int' to 'float', possible loss of data
     1>c:\users\geforce\documents\github\project2\project2\project2\gui\guibutton.h(27): warning C4244: 'initializing' : conversion from 'float' to 'int', possible loss of data
     1>c:\users\geforce\documents\github\project2\project2\project2\gui\guibutton.h(28): warning C4244: 'initializing' : conversion from 'float' to 'int', possible loss of data
     1>c:\users\geforce\documents\github\project2\project2\project2\gui\guibutton.h(29): warning C4244: 'argument' : conversion from 'int' to 'float', possible loss of data
     1>c:\users\geforce\documents\github\project2\project2\project2\gui\guibutton.h(30): warning C4244: 'argument' : conversion from 'int' to 'float', possible loss of data
     1>c:\users\geforce\documents\github\project2\project2\project2\gui\guibutton.h(68): warning C4244: 'initializing' : conversion from 'float' to 'int', possible loss of data
     1>c:\users\geforce\documents\github\project2\project2\project2\gui\guibutton.h(69): warning C4244: 'initializing' : conversion from 'float' to 'int', possible loss of data
     1>c:\users\geforce\documents\github\project2\project2\project2\gui\guibutton.h(70): warning C4244: 'argument' : conversion from 'int' to 'float', possible loss of data
     1>c:\users\geforce\documents\github\project2\project2\project2\gui\guibutton.h(71): warning C4244: 'argument' : conversion from 'int' to 'float', possible loss of data
     1>c:\users\geforce\documents\github\project2\project2\project2\gui\guiwindow.h(27): warning C4018: '<' : signed/unsigned mismatch
     1>c:\users\geforce\documents\github\project2\project2\project2\gui\guiwindow.h(95): warning C4018: '<' : signed/unsigned mismatch
     1>c:\users\geforce\documents\github\project2\project2\project2\gui\guiwindow.h(104): warning C4018: '<' : signed/unsigned mismatch
     1>c:\users\geforce\documents\github\project2\project2\project2\gui\guiwindow.h(105): warning C4244: 'argument' : conversion from 'double' to 'float', possible loss of data
     1>c:\users\geforce\documents\github\project2\project2\project2\gui\guiwindow.h(118): warning C4018: '<' : signed/unsigned mismatch
     1>c:\users\geforce\documents\github\project2\project2\project2\gui\guitextfield.h(35): warning C4244: 'initializing' : conversion from 'float' to 'int', possible loss of data
     1>c:\users\geforce\documents\github\project2\project2\project2\gui\guitextfield.h(36): warning C4244: 'initializing' : conversion from 'float' to 'int', possible loss of data
     1>c:\users\geforce\documents\github\project2\project2\project2\gui\guitextfield.h(37): warning C4244: 'argument' : conversion from 'int' to 'float', possible loss of data
     1>c:\users\geforce\documents\github\project2\project2\project2\gui\guitextfield.h(38): warning C4244: 'argument' : conversion from 'int' to 'float', possible loss of data
     1>c:\users\geforce\documents\github\project2\project2\project2\gui\guitextfield.h(46): warning C4018: '<' : signed/unsigned mismatch
     1>c:\users\geforce\documents\github\project2\project2\project2\gui\guitextfield.h(47): warning C4018: '<' : signed/unsigned mismatch
     1>c:\users\geforce\documents\github\project2\project2\project2\gui\guitextfield.h(52): warning C4018: '<' : signed/unsigned mismatch
     1>c:\users\geforce\documents\github\project2\project2\project2\gui\guitextfield.h(59): warning C4018: '<' : signed/unsigned mismatch
     1>c:\users\geforce\documents\github\project2\project2\project2\gui\guitextfield.h(101): warning C4018: '>=' : signed/unsigned mismatch
     1>c:\users\geforce\documents\github\project2\project2\project2\gui\guimessagebox.h(28): warning C4244: 'argument' : conversion from 'int' to 'float', possible loss of data
     1>c:\users\geforce\documents\github\project2\project2\project2\gui\guimessagebox.h(29): warning C4244: 'argument' : conversion from 'int' to 'float', possible loss of data
     1>c:\users\geforce\documents\github\project2\project2\project2\gui\guimessagebox.h(30): warning C4244: 'argument' : conversion from 'int' to 'float', possible loss of data
     1>c:\users\geforce\documents\github\project2\project2\project2\gui\guimessagebox.h(31): warning C4244: 'argument' : conversion from 'int' to 'float', possible loss of data
     1>c:\users\geforce\documents\github\project2\project2\project2\gui\guimessagebox.h(32): warning C4244: 'argument' : conversion from 'int' to 'float', possible loss of data
     1>c:\users\geforce\documents\github\project2\project2\project2\gui\guimessagebox.h(48): warning C4244: 'argument' : conversion from 'int' to 'float', possible loss of data
     1>c:\users\geforce\documents\github\project2\project2\project2\gui\guimessagebox.h(60): warning C4244: 'argument' : conversion from 'double' to 'float', possible loss of data
     1>c:\program files (x86)\windows kits\8.1\include\shared\minwindef.h(130): warning C4005: 'APIENTRY' : macro redefinition
                 c:\users\geforce\documents\github\project2\project2\dependencies\windows\x86\gflw\include\glfw\glfw3.h(85) : see previous definition of 'APIENTRY'
     1>c:\users\geforce\documents\github\project2\project2\project2\network\dictionary.h(18): warning C4018: '<' : signed/unsigned mismatch
     1>c:\users\geforce\documents\github\project2\project2\project2\network\dictionary.h(30): warning C4018: '<' : signed/unsigned mismatch
     1>c:\users\geforce\documents\github\project2\project2\project2\network\dictionary.h(48): warning C4018: '<' : signed/unsigned mismatch
     1>c:\users\geforce\documents\github\project2\project2\project2\network\dictionary.h(57): warning C4018: '<' : signed/unsigned mismatch
     1>c:\users\geforce\documents\github\project2\project2\project2\network\dictionary.h(76): warning C4018: '<' : signed/unsigned mismatch
     1>c:\users\geforce\documents\github\project2\project2\project2\network\dictionary.h(90): warning C4018: '<' : signed/unsigned mismatch
     1>c:\users\geforce\documents\github\project2\project2\project2\network\jsonparser.h(18): warning C4018: '<' : signed/unsigned mismatch
     1>c:\users\geforce\documents\github\project2\project2\project2\network\jsonparser.h(24): warning C4018: '<' : signed/unsigned mismatch
     1>c:\users\geforce\documents\github\project2\project2\project2\network\jsonparser.h(26): warning C4018: '<' : signed/unsigned mismatch
     1>c:\users\geforce\documents\github\project2\project2\project2\network\jsonparser.h(33): warning C4018: '<' : signed/unsigned mismatch
     1>c:\users\geforce\documents\github\project2\project2\project2\network\jsonparser.h(53): warning C4018: '<' : signed/unsigned mismatch
     1>c:\users\geforce\documents\github\project2\project2\project2\network\jsonparser.h(59): warning C4018: '<' : signed/unsigned mismatch
     1>c:\users\geforce\documents\github\project2\project2\project2\network\jsonparser.h(61): warning C4018: '<' : signed/unsigned mismatch
     1>c:\users\geforce\documents\github\project2\project2\project2\network\jsonparser.h(68): warning C4018: '<' : signed/unsigned mismatch
     1>c:\users\geforce\documents\github\project2\project2\project2\network\jsonparser.h(97): warning C4018: '<' : signed/unsigned mismatch
     1>c:\users\geforce\documents\github\project2\project2\project2\network\connectionhandler.h(265): warning C4018: '<' : signed/unsigned mismatch
     1>c:\users\geforce\documents\github\project2\project2\project2\network\connectionhandler.h(291): warning C4018: '<' : signed/unsigned mismatch
     1>c:\users\geforce\documents\github\project2\project2\project2\network\connectionhandler.h(294): warning C4018: '<' : signed/unsigned mismatch
     1>c:\users\geforce\documents\github\project2\project2\project2\gui\gui.h(141): warning C4244: 'argument' : conversion from 'int' to 'float', possible loss of data
     1>c:\users\geforce\documents\github\project2\project2\project2\gui\gui.h(173): warning C4018: '<' : signed/unsigned mismatch
     1>c:\users\geforce\documents\github\project2\project2\project2\gui\gui.h(211): warning C4018: '<' : signed/unsigned mismatch
     1>c:\users\geforce\documents\github\project2\project2\project2\gui\gui.h(224): warning C4244: 'argument' : conversion from 'double' to 'float', possible loss of data
     1>c:\users\geforce\documents\github\project2\project2\project2\gui\gui.h(229): warning C4244: 'argument' : conversion from 'double' to 'float', possible loss of data
     1>c:\users\geforce\documents\github\project2\project2\project2\gui\gui.h(234): warning C4244: 'argument' : conversion from 'double' to 'float', possible loss of data
     1>c:\users\geforce\documents\github\project2\project2\project2\gui\gui.h(235): warning C4018: '<' : signed/unsigned mismatch
     1>c:\users\geforce\documents\github\project2\project2\project2\gui\gui.h(239): warning C4018: '>=' : signed/unsigned mismatch
     1>c:\users\geforce\documents\github\project2\project2\project2\gui\gui.h(251): warning C4244: 'argument' : conversion from 'double' to 'float', possible loss of data
     1>c:\users\geforce\documents\github\project2\project2\project2\gui\gui.h(303): warning C4018: '<=' : signed/unsigned mismatch
     1>c:\users\geforce\documents\github\project2\project2\project2\gui\gui.h(399): warning C4244: 'argument' : conversion from 'int' to 'float', possible loss of data
     1>c:\users\geforce\documents\github\project2\project2\project2\projectile.h(57): warning C4244: 'argument' : conversion from 'float' to 'int', possible loss of data
     1>c:\users\geforce\documents\github\project2\project2\project2\engine.h(200): warning C4018: '<' : signed/unsigned mismatch
     1>c:\users\geforce\documents\github\project2\project2\project2\engine.h(204): warning C4244: 'argument' : conversion from 'int' to 'float', possible loss of data
     1>c:\users\geforce\documents\github\project2\project2\project2\engine.h(205): warning C4244: 'argument' : conversion from 'int' to 'float', possible loss of data
     1>c:\users\geforce\documents\github\project2\project2\project2\engine.h(253): warning C4018: '<' : signed/unsigned mismatch
     1>c:\users\geforce\documents\github\project2\project2\project2\engine.h(260): warning C4018: '<' : signed/unsigned mismatch
     1>c:\users\geforce\documents\github\project2\project2\project2\engine.h(387): warning C4018: '<' : signed/unsigned mismatch
     1>c:\users\geforce\documents\github\project2\project2\project2\engine.h(394): warning C4018: '<' : signed/unsigned mismatch
     1>c:\users\geforce\documents\github\project2\project2\project2\engine.h(401): warning C4018: '<' : signed/unsigned mismatch
     1>c:\users\geforce\documents\github\project2\project2\project2\engine.h(408): warning C4018: '<' : signed/unsigned mismatch
     1>c:\users\geforce\documents\github\project2\project2\project2\engine.h(482): warning C4018: '<' : signed/unsigned mismatch
     1>c:\users\geforce\documents\github\project2\project2\project2\engine.h(494): warning C4018: '<=' : signed/unsigned mismatch
     1>c:\users\geforce\documents\github\project2\project2\project2\engine.h(504): warning C4244: 'argument' : conversion from 'double' to 'float', possible loss of data
     1>c:\users\geforce\documents\github\project2\project2\project2\engine.h(505): warning C4244: 'argument' : conversion from 'double' to 'float', possible loss of data
     1>c:\users\geforce\documents\github\project2\project2\project2\engine.h(513): warning C4018: '<' : signed/unsigned mismatch
     1>c:\users\geforce\documents\github\project2\project2\project2\engine.h(515): warning C4018: '<' : signed/unsigned mismatch
     1>c:\users\geforce\documents\github\project2\project2\project2\engine.h(519): warning C4244: 'argument' : conversion from 'double' to 'float', possible loss of data
     1>c:\users\geforce\documents\github\project2\project2\project2\engine.h(520): warning C4244: 'argument' : conversion from 'double' to 'float', possible loss of data
     1>c:\users\geforce\documents\github\project2\project2\project2\engine.h(541): warning C4244: 'initializing' : conversion from 'double' to 'float', possible loss of data
     1>c:\users\geforce\documents\github\project2\project2\project2\engine.h(542): warning C4244: 'initializing' : conversion from 'double' to 'float', possible loss of data
     1>c:\users\geforce\documents\github\project2\project2\project2\engine.h(569): warning C4018: '<' : signed/unsigned mismatch
     1>c:\users\geforce\documents\github\project2\project2\project2\engine.h(571): warning C4018: '<' : signed/unsigned mismatch
     1>c:\users\geforce\documents\github\project2\project2\project2\engine.h(575): warning C4244: 'argument' : conversion from 'double' to 'float', possible loss of data
     1>c:\users\geforce\documents\github\project2\project2\project2\engine.h(576): warning C4244: 'argument' : conversion from 'double' to 'float', possible loss of data
     1>c:\users\geforce\documents\github\project2\project2\project2\engine.h(597): warning C4244: 'initializing' : conversion from 'double' to 'float', possible loss of data
     1>c:\users\geforce\documents\github\project2\project2\project2\engine.h(598): warning C4244: 'initializing' : conversion from 'double' to 'float', possible loss of data
     1>c:\users\geforce\documents\github\project2\project2\project2\engine.h(625): warning C4018: '<' : signed/unsigned mismatch
     1>c:\users\geforce\documents\github\project2\project2\project2\engine.h(626): warning C4244: 'initializing' : conversion from 'double' to 'float', possible loss of data
     1>c:\users\geforce\documents\github\project2\project2\project2\engine.h(627): warning C4244: 'initializing' : conversion from 'double' to 'float', possible loss of data
     1>c:\users\geforce\documents\github\project2\project2\project2\engine.h(644): warning C4018: '<' : signed/unsigned mismatch
     1>c:\users\geforce\documents\github\project2\project2\project2\engine.h(645): warning C4244: 'initializing' : conversion from 'int' to 'float', possible loss of data
     1>c:\users\geforce\documents\github\project2\project2\project2\engine.h(650): warning C4244: 'argument' : conversion from 'float' to 'int', possible loss of data
       Link:
         C:\Program Files (x86)\Microsoft Visual Studio 12.0\VC\bin\link.exe /ERRORREPORT:PROMPT /OUT:"C:\Users\geforce\Documents\GitHub\Project2\Project2\Debug\Project2.exe" /INCREMENTAL /NOLOGO /LIBPATH:..\Dependencies\Windows\x86\LUA\lib /LIBPATH:..\Dependencies\Windows\x86\openssl\lib /LIBPATH:..\Dependencies\Windows\x86\openssl\lib\VC /LIBPATH:..\Dependencies\Windows\x86\cairo\lib /LIBPATH:"..\Dependencies\Windows\x86\glib-2.34\lib" /LIBPATH:..\Dependencies\Windows\x86\pango\lib /LIBPATH:..\Dependencies\Windows\x86\SOIL\lib /LIBPATH:..\Dependencies\Windows\x86\GFLW\lib /LIBPATH:..\Dependencies\Windows\x86\glew\lib\Release\Win32 /LIBPATH:"C:\Program Files (x86)\Microsoft Visual Studio 12.0\VC\lib" kernel32.lib user32.lib gdi32.lib winspool.lib comdlg32.lib advapi32.lib shell32.lib ole32.lib oleaut32.lib uuid.lib odbc32.lib odbccp32.lib /MANIFEST /MANIFESTUAC:"level='asInvoker' uiAccess='false'" /manifest:embed /DEBUG /PDB:"C:\Users\geforce\Documents\GitHub\Project2\Project2\Debug\Project2.pdb" /SUBSYSTEM:CONSOLE /TLBID:1 /DYNAMICBASE /NXCOMPAT /IMPLIB:"C:\Users\geforce\Documents\GitHub\Project2\Project2\Debug\Project2.lib" /MACHINE:X86 Debug\main.obj
     1>LINK : warning LNK4098: defaultlib 'MSVCRT' conflicts with use of other libs; use /NODEFAULTLIB:library
         Project2.vcxproj -> C:\Users\geforce\Documents\GitHub\Project2\Project2\Debug\Project2.exe
     1>Done Building Project "C:\Users\geforce\Documents\GitHub\Project2\Project2\Project2\Project2.vcxproj" (Build target(s)).

Build succeeded.

Time Elapsed 00:00:05.53
